CRITICAL - 2026-04-06 15:10:32 --> ErrorException: Undefined variable $page
[Method: GET, Route: /]
in APPPATH\Views\v_template_front_end.php on line 177.
 1 APPPATH\Views\v_template_front_end.php(177): CodeIgniter\Debug\Exceptions->errorHandler(2, 'Undefined variable $page', 'C:\\laragon\\www\\gis_apotekk\\app\\Views\\v_template_front_end.php', 177)
 2 SYSTEMPATH\View\View.php(240): include('C:\\laragon\\www\\gis_apotekk\\app\\Views\\v_template_front_end.php')
 3 SYSTEMPATH\View\View.php(243): CodeIgniter\View\View->{closure:CodeIgniter\View\View::render():237}()
 4 SYSTEMPATH\Common.php(1250): CodeIgniter\View\View->render('v_template_front_end', [], true)
 5 APPPATH\Controllers\Home.php(12): view('v_template_front_end', [...])
 6 SYSTEMPATH\CodeIgniter.php(951): App\Controllers\Home->index()
 7 SYSTEMPATH\CodeIgniter.php(497): CodeIgniter\CodeIgniter->runController(Object(App\Controllers\Home))
 8 SYSTEMPATH\CodeIgniter.php(340): CodeIgniter\CodeIgniter->handleRequest(null, Object(Config\Cache), false)
 9 SYSTEMPATH\Boot.php(417): CodeIgniter\CodeIgniter->run()
10 SYSTEMPATH\Boot.php(68): CodeIgniter\Boot::runCodeIgniter(Object(CodeIgniter\CodeIgniter))
11 FCPATH\index.php(59): CodeIgniter\Boot::bootWeb(Object(Config\Paths))
CRITICAL - 2026-04-06 15:10:34 --> ErrorException: Undefined variable $page
[Method: GET, Route: /]
in APPPATH\Views\v_template_front_end.php on line 177.
 1 APPPATH\Views\v_template_front_end.php(177): CodeIgniter\Debug\Exceptions->errorHandler(2, 'Undefined variable $page', 'C:\\laragon\\www\\gis_apotekk\\app\\Views\\v_template_front_end.php', 177)
 2 SYSTEMPATH\View\View.php(240): include('C:\\laragon\\www\\gis_apotekk\\app\\Views\\v_template_front_end.php')
 3 SYSTEMPATH\View\View.php(243): CodeIgniter\View\View->{closure:CodeIgniter\View\View::render():237}()
 4 SYSTEMPATH\Common.php(1250): CodeIgniter\View\View->render('v_template_front_end', [], true)
 5 APPPATH\Controllers\Home.php(12): view('v_template_front_end', [...])
 6 SYSTEMPATH\CodeIgniter.php(951): App\Controllers\Home->index()
 7 SYSTEMPATH\CodeIgniter.php(497): CodeIgniter\CodeIgniter->runController(Object(App\Controllers\Home))
 8 SYSTEMPATH\CodeIgniter.php(340): CodeIgniter\CodeIgniter->handleRequest(null, Object(Config\Cache), false)
 9 SYSTEMPATH\Boot.php(417): CodeIgniter\CodeIgniter->run()
10 SYSTEMPATH\Boot.php(68): CodeIgniter\Boot::runCodeIgniter(Object(CodeIgniter\CodeIgniter))
11 FCPATH\index.php(59): CodeIgniter\Boot::bootWeb(Object(Config\Paths))
CRITICAL - 2026-04-06 15:12:13 --> ErrorException: Undefined variable $page
[Method: GET, Route: /]
in APPPATH\Views\v_template_front_end.php on line 177.
 1 APPPATH\Views\v_template_front_end.php(177): CodeIgniter\Debug\Exceptions->errorHandler(2, 'Undefined variable $page', 'C:\\laragon\\www\\gis_apotekk\\app\\Views\\v_template_front_end.php', 177)
 2 SYSTEMPATH\View\View.php(240): include('C:\\laragon\\www\\gis_apotekk\\app\\Views\\v_template_front_end.php')
 3 SYSTEMPATH\View\View.php(243): CodeIgniter\View\View->{closure:CodeIgniter\View\View::render():237}()
 4 SYSTEMPATH\Common.php(1250): CodeIgniter\View\View->render('v_template_front_end', [], true)
 5 APPPATH\Controllers\Home.php(12): view('v_template_front_end', [...])
 6 SYSTEMPATH\CodeIgniter.php(951): App\Controllers\Home->index()
 7 SYSTEMPATH\CodeIgniter.php(497): CodeIgniter\CodeIgniter->runController(Object(App\Controllers\Home))
 8 SYSTEMPATH\CodeIgniter.php(340): CodeIgniter\CodeIgniter->handleRequest(null, Object(Config\Cache), false)
 9 SYSTEMPATH\Boot.php(417): CodeIgniter\CodeIgniter->run()
10 SYSTEMPATH\Boot.php(68): CodeIgniter\Boot::runCodeIgniter(Object(CodeIgniter\CodeIgniter))
11 FCPATH\index.php(59): CodeIgniter\Boot::bootWeb(Object(Config\Paths))
CRITICAL - 2026-04-06 15:12:14 --> ErrorException: Undefined variable $page
[Method: GET, Route: /]
in APPPATH\Views\v_template_front_end.php on line 177.
 1 APPPATH\Views\v_template_front_end.php(177): CodeIgniter\Debug\Exceptions->errorHandler(2, 'Undefined variable $page', 'C:\\laragon\\www\\gis_apotekk\\app\\Views\\v_template_front_end.php', 177)
 2 SYSTEMPATH\View\View.php(240): include('C:\\laragon\\www\\gis_apotekk\\app\\Views\\v_template_front_end.php')
 3 SYSTEMPATH\View\View.php(243): CodeIgniter\View\View->{closure:CodeIgniter\View\View::render():237}()
 4 SYSTEMPATH\Common.php(1250): CodeIgniter\View\View->render('v_template_front_end', [], true)
 5 APPPATH\Controllers\Home.php(12): view('v_template_front_end', [...])
 6 SYSTEMPATH\CodeIgniter.php(951): App\Controllers\Home->index()
 7 SYSTEMPATH\CodeIgniter.php(497): CodeIgniter\CodeIgniter->runController(Object(App\Controllers\Home))
 8 SYSTEMPATH\CodeIgniter.php(340): CodeIgniter\CodeIgniter->handleRequest(null, Object(Config\Cache), false)
 9 SYSTEMPATH\Boot.php(417): CodeIgniter\CodeIgniter->run()
10 SYSTEMPATH\Boot.php(68): CodeIgniter\Boot::runCodeIgniter(Object(CodeIgniter\CodeIgniter))
11 FCPATH\index.php(59): CodeIgniter\Boot::bootWeb(Object(Config\Paths))
CRITICAL - 2026-04-06 15:12:26 --> ErrorException: Undefined variable $page
[Method: GET, Route: /]
in APPPATH\Views\v_template_front_end.php on line 177.
 1 APPPATH\Views\v_template_front_end.php(177): CodeIgniter\Debug\Exceptions->errorHandler(2, 'Undefined variable $page', 'C:\\laragon\\www\\gis_apotekk\\app\\Views\\v_template_front_end.php', 177)
 2 SYSTEMPATH\View\View.php(240): include('C:\\laragon\\www\\gis_apotekk\\app\\Views\\v_template_front_end.php')
 3 SYSTEMPATH\View\View.php(243): CodeIgniter\View\View->{closure:CodeIgniter\View\View::render():237}()
 4 SYSTEMPATH\Common.php(1250): CodeIgniter\View\View->render('v_template_front_end', [], true)
 5 APPPATH\Controllers\Home.php(12): view('v_template_front_end', [...])
 6 SYSTEMPATH\CodeIgniter.php(951): App\Controllers\Home->index()
 7 SYSTEMPATH\CodeIgniter.php(497): CodeIgniter\CodeIgniter->runController(Object(App\Controllers\Home))
 8 SYSTEMPATH\CodeIgniter.php(340): CodeIgniter\CodeIgniter->handleRequest(null, Object(Config\Cache), false)
 9 SYSTEMPATH\Boot.php(417): CodeIgniter\CodeIgniter->run()
10 SYSTEMPATH\Boot.php(68): CodeIgniter\Boot::runCodeIgniter(Object(CodeIgniter\CodeIgniter))
11 FCPATH\index.php(59): CodeIgniter\Boot::bootWeb(Object(Config\Paths))
CRITICAL - 2026-04-06 15:12:27 --> ErrorException: Undefined variable $page
[Method: GET, Route: /]
in APPPATH\Views\v_template_front_end.php on line 177.
 1 APPPATH\Views\v_template_front_end.php(177): CodeIgniter\Debug\Exceptions->errorHandler(2, 'Undefined variable $page', 'C:\\laragon\\www\\gis_apotekk\\app\\Views\\v_template_front_end.php', 177)
 2 SYSTEMPATH\View\View.php(240): include('C:\\laragon\\www\\gis_apotekk\\app\\Views\\v_template_front_end.php')
 3 SYSTEMPATH\View\View.php(243): CodeIgniter\View\View->{closure:CodeIgniter\View\View::render():237}()
 4 SYSTEMPATH\Common.php(1250): CodeIgniter\View\View->render('v_template_front_end', [], true)
 5 APPPATH\Controllers\Home.php(12): view('v_template_front_end', [...])
 6 SYSTEMPATH\CodeIgniter.php(951): App\Controllers\Home->index()
 7 SYSTEMPATH\CodeIgniter.php(497): CodeIgniter\CodeIgniter->runController(Object(App\Controllers\Home))
 8 SYSTEMPATH\CodeIgniter.php(340): CodeIgniter\CodeIgniter->handleRequest(null, Object(Config\Cache), false)
 9 SYSTEMPATH\Boot.php(417): CodeIgniter\CodeIgniter->run()
10 SYSTEMPATH\Boot.php(68): CodeIgniter\Boot::runCodeIgniter(Object(CodeIgniter\CodeIgniter))
11 FCPATH\index.php(59): CodeIgniter\Boot::bootWeb(Object(Config\Paths))
CRITICAL - 2026-04-06 15:14:24 --> ErrorException: Undefined variable $page
[Method: GET, Route: /]
in APPPATH\Views\v_template_front_end.php on line 177.
 1 APPPATH\Views\v_template_front_end.php(177): CodeIgniter\Debug\Exceptions->errorHandler(2, 'Undefined variable $page', 'C:\\laragon\\www\\gis_apotekk\\app\\Views\\v_template_front_end.php', 177)
 2 SYSTEMPATH\View\View.php(240): include('C:\\laragon\\www\\gis_apotekk\\app\\Views\\v_template_front_end.php')
 3 SYSTEMPATH\View\View.php(243): CodeIgniter\View\View->{closure:CodeIgniter\View\View::render():237}()
 4 SYSTEMPATH\Common.php(1250): CodeIgniter\View\View->render('v_template_front_end', [], true)
 5 APPPATH\Controllers\Home.php(12): view('v_template_front_end', [...])
 6 SYSTEMPATH\CodeIgniter.php(951): App\Controllers\Home->index()
 7 SYSTEMPATH\CodeIgniter.php(497): CodeIgniter\CodeIgniter->runController(Object(App\Controllers\Home))
 8 SYSTEMPATH\CodeIgniter.php(340): CodeIgniter\CodeIgniter->handleRequest(null, Object(Config\Cache), false)
 9 SYSTEMPATH\Boot.php(417): CodeIgniter\CodeIgniter->run()
10 SYSTEMPATH\Boot.php(68): CodeIgniter\Boot::runCodeIgniter(Object(CodeIgniter\CodeIgniter))
11 FCPATH\index.php(59): CodeIgniter\Boot::bootWeb(Object(Config\Paths))
CRITICAL - 2026-04-06 15:31:47 --> Error: Undefined constant "page"
[Method: GET, Route: /]
in APPPATH\Views\v_template_front_end.php on line 178.
 1 SYSTEMPATH\View\View.php(240): include()
 2 SYSTEMPATH\View\View.php(243): CodeIgniter\View\View->{closure:CodeIgniter\View\View::render():237}()
 3 SYSTEMPATH\Common.php(1250): CodeIgniter\View\View->render('v_template_front_end', [], true)
 4 APPPATH\Controllers\Home.php(12): view('v_template_front_end', [...])
 5 SYSTEMPATH\CodeIgniter.php(951): App\Controllers\Home->index()
 6 SYSTEMPATH\CodeIgniter.php(497): CodeIgniter\CodeIgniter->runController(Object(App\Controllers\Home))
 7 SYSTEMPATH\CodeIgniter.php(340): CodeIgniter\CodeIgniter->handleRequest(null, Object(Config\Cache), false)
 8 SYSTEMPATH\Boot.php(417): CodeIgniter\CodeIgniter->run()
 9 SYSTEMPATH\Boot.php(68): CodeIgniter\Boot::runCodeIgniter(Object(CodeIgniter\CodeIgniter))
10 FCPATH\index.php(59): CodeIgniter\Boot::bootWeb(Object(Config\Paths))
CRITICAL - 2026-04-06 15:41:39 --> Error: Undefined constant "page"
[Method: GET, Route: /]
in APPPATH\Views\v_template_front_end.php on line 178.
 1 SYSTEMPATH\View\View.php(240): include()
 2 SYSTEMPATH\View\View.php(243): CodeIgniter\View\View->{closure:CodeIgniter\View\View::render():237}()
 3 SYSTEMPATH\Common.php(1250): CodeIgniter\View\View->render('v_template_front_end', [], true)
 4 APPPATH\Controllers\Home.php(12): view('v_template_front_end', [...])
 5 SYSTEMPATH\CodeIgniter.php(951): App\Controllers\Home->index()
 6 SYSTEMPATH\CodeIgniter.php(497): CodeIgniter\CodeIgniter->runController(Object(App\Controllers\Home))
 7 SYSTEMPATH\CodeIgniter.php(340): CodeIgniter\CodeIgniter->handleRequest(null, Object(Config\Cache), false)
 8 SYSTEMPATH\Boot.php(417): CodeIgniter\CodeIgniter->run()
 9 SYSTEMPATH\Boot.php(68): CodeIgniter\Boot::runCodeIgniter(Object(CodeIgniter\CodeIgniter))
10 FCPATH\index.php(59): CodeIgniter\Boot::bootWeb(Object(Config\Paths))
CRITICAL - 2026-04-06 15:44:30 --> Error: Undefined constant "page"
[Method: GET, Route: /]
in APPPATH\Views\v_template_front_end.php on line 178.
 1 SYSTEMPATH\View\View.php(240): include()
 2 SYSTEMPATH\View\View.php(243): CodeIgniter\View\View->{closure:CodeIgniter\View\View::render():237}()
 3 SYSTEMPATH\Common.php(1250): CodeIgniter\View\View->render('v_template_front_end', [], true)
 4 APPPATH\Controllers\Home.php(12): view('v_template_front_end', [...])
 5 SYSTEMPATH\CodeIgniter.php(951): App\Controllers\Home->index()
 6 SYSTEMPATH\CodeIgniter.php(497): CodeIgniter\CodeIgniter->runController(Object(App\Controllers\Home))
 7 SYSTEMPATH\CodeIgniter.php(340): CodeIgniter\CodeIgniter->handleRequest(null, Object(Config\Cache), false)
 8 SYSTEMPATH\Boot.php(417): CodeIgniter\CodeIgniter->run()
 9 SYSTEMPATH\Boot.php(68): CodeIgniter\Boot::runCodeIgniter(Object(CodeIgniter\CodeIgniter))
10 FCPATH\index.php(59): CodeIgniter\Boot::bootWeb(Object(Config\Paths))
CRITICAL - 2026-04-06 15:44:31 --> Error: Undefined constant "page"
[Method: GET, Route: /]
in APPPATH\Views\v_template_front_end.php on line 178.
 1 SYSTEMPATH\View\View.php(240): include()
 2 SYSTEMPATH\View\View.php(243): CodeIgniter\View\View->{closure:CodeIgniter\View\View::render():237}()
 3 SYSTEMPATH\Common.php(1250): CodeIgniter\View\View->render('v_template_front_end', [], true)
 4 APPPATH\Controllers\Home.php(12): view('v_template_front_end', [...])
 5 SYSTEMPATH\CodeIgniter.php(951): App\Controllers\Home->index()
 6 SYSTEMPATH\CodeIgniter.php(497): CodeIgniter\CodeIgniter->runController(Object(App\Controllers\Home))
 7 SYSTEMPATH\CodeIgniter.php(340): CodeIgniter\CodeIgniter->handleRequest(null, Object(Config\Cache), false)
 8 SYSTEMPATH\Boot.php(417): CodeIgniter\CodeIgniter->run()
 9 SYSTEMPATH\Boot.php(68): CodeIgniter\Boot::runCodeIgniter(Object(CodeIgniter\CodeIgniter))
10 FCPATH\index.php(59): CodeIgniter\Boot::bootWeb(Object(Config\Paths))
CRITICAL - 2026-04-06 15:44:31 --> Error: Undefined constant "page"
[Method: GET, Route: /]
in APPPATH\Views\v_template_front_end.php on line 178.
 1 SYSTEMPATH\View\View.php(240): include()
 2 SYSTEMPATH\View\View.php(243): CodeIgniter\View\View->{closure:CodeIgniter\View\View::render():237}()
 3 SYSTEMPATH\Common.php(1250): CodeIgniter\View\View->render('v_template_front_end', [], true)
 4 APPPATH\Controllers\Home.php(12): view('v_template_front_end', [...])
 5 SYSTEMPATH\CodeIgniter.php(951): App\Controllers\Home->index()
 6 SYSTEMPATH\CodeIgniter.php(497): CodeIgniter\CodeIgniter->runController(Object(App\Controllers\Home))
 7 SYSTEMPATH\CodeIgniter.php(340): CodeIgniter\CodeIgniter->handleRequest(null, Object(Config\Cache), false)
 8 SYSTEMPATH\Boot.php(417): CodeIgniter\CodeIgniter->run()
 9 SYSTEMPATH\Boot.php(68): CodeIgniter\Boot::runCodeIgniter(Object(CodeIgniter\CodeIgniter))
10 FCPATH\index.php(59): CodeIgniter\Boot::bootWeb(Object(Config\Paths))
CRITICAL - 2026-04-06 15:44:32 --> Error: Undefined constant "page"
[Method: GET, Route: /]
in APPPATH\Views\v_template_front_end.php on line 178.
 1 SYSTEMPATH\View\View.php(240): include()
 2 SYSTEMPATH\View\View.php(243): CodeIgniter\View\View->{closure:CodeIgniter\View\View::render():237}()
 3 SYSTEMPATH\Common.php(1250): CodeIgniter\View\View->render('v_template_front_end', [], true)
 4 APPPATH\Controllers\Home.php(12): view('v_template_front_end', [...])
 5 SYSTEMPATH\CodeIgniter.php(951): App\Controllers\Home->index()
 6 SYSTEMPATH\CodeIgniter.php(497): CodeIgniter\CodeIgniter->runController(Object(App\Controllers\Home))
 7 SYSTEMPATH\CodeIgniter.php(340): CodeIgniter\CodeIgniter->handleRequest(null, Object(Config\Cache), false)
 8 SYSTEMPATH\Boot.php(417): CodeIgniter\CodeIgniter->run()
 9 SYSTEMPATH\Boot.php(68): CodeIgniter\Boot::runCodeIgniter(Object(CodeIgniter\CodeIgniter))
10 FCPATH\index.php(59): CodeIgniter\Boot::bootWeb(Object(Config\Paths))
CRITICAL - 2026-04-06 15:47:40 --> ErrorException: Undefined variable $page
[Method: GET, Route: /]
in APPPATH\Views\v_template_front_end.php on line 178.
 1 APPPATH\Views\v_template_front_end.php(178): CodeIgniter\Debug\Exceptions->errorHandler(2, 'Undefined variable $page', 'C:\\laragon\\www\\gis_apotekk\\app\\Views\\v_template_front_end.php', 178)
 2 SYSTEMPATH\View\View.php(240): include('C:\\laragon\\www\\gis_apotekk\\app\\Views\\v_template_front_end.php')
 3 SYSTEMPATH\View\View.php(243): CodeIgniter\View\View->{closure:CodeIgniter\View\View::render():237}()
 4 SYSTEMPATH\Common.php(1250): CodeIgniter\View\View->render('v_template_front_end', [], true)
 5 APPPATH\Controllers\Home.php(12): view('v_template_front_end', [...])
 6 SYSTEMPATH\CodeIgniter.php(951): App\Controllers\Home->index()
 7 SYSTEMPATH\CodeIgniter.php(497): CodeIgniter\CodeIgniter->runController(Object(App\Controllers\Home))
 8 SYSTEMPATH\CodeIgniter.php(340): CodeIgniter\CodeIgniter->handleRequest(null, Object(Config\Cache), false)
 9 SYSTEMPATH\Boot.php(417): CodeIgniter\CodeIgniter->run()
10 SYSTEMPATH\Boot.php(68): CodeIgniter\Boot::runCodeIgniter(Object(CodeIgniter\CodeIgniter))
11 FCPATH\index.php(59): CodeIgniter\Boot::bootWeb(Object(Config\Paths))
CRITICAL - 2026-04-06 16:01:15 --> ErrorException: Undefined variable $page
[Method: GET, Route: /]
in APPPATH\Views\v_template_front_end.php on line 177.
 1 APPPATH\Views\v_template_front_end.php(177): CodeIgniter\Debug\Exceptions->errorHandler(2, 'Undefined variable $page', 'C:\\laragon\\www\\gis_apotekk\\app\\Views\\v_template_front_end.php', 177)
 2 SYSTEMPATH\View\View.php(240): include('C:\\laragon\\www\\gis_apotekk\\app\\Views\\v_template_front_end.php')
 3 SYSTEMPATH\View\View.php(243): CodeIgniter\View\View->{closure:CodeIgniter\View\View::render():237}()
 4 SYSTEMPATH\Common.php(1250): CodeIgniter\View\View->render('v_template_front_end', [], true)
 5 APPPATH\Controllers\Home.php(12): view('v_template_front_end', [...])
 6 SYSTEMPATH\CodeIgniter.php(951): App\Controllers\Home->index()
 7 SYSTEMPATH\CodeIgniter.php(497): CodeIgniter\CodeIgniter->runController(Object(App\Controllers\Home))
 8 SYSTEMPATH\CodeIgniter.php(340): CodeIgniter\CodeIgniter->handleRequest(null, Object(Config\Cache), false)
 9 SYSTEMPATH\Boot.php(417): CodeIgniter\CodeIgniter->run()
10 SYSTEMPATH\Boot.php(68): CodeIgniter\Boot::runCodeIgniter(Object(CodeIgniter\CodeIgniter))
11 FCPATH\index.php(59): CodeIgniter\Boot::bootWeb(Object(Config\Paths))
